d:\项目\debugger\git\debugger\debug\vc141.pdb
d:\项目\debugger\git\debugger\debug\vc141.idb
d:\项目\debugger\git\debugger\debug\symbol.obj
d:\项目\debugger\git\debugger\debug\stack.obj
d:\项目\debugger\git\debugger\debug\plugin.obj
d:\项目\debugger\git\debugger\debug\pe.obj
d:\项目\debugger\git\debugger\debug\module.obj
d:\项目\debugger\git\debugger\debug\memory.obj
d:\项目\debugger\git\debugger\debug\eflags.obj
d:\项目\debugger\git\debugger\debug\debugger.obj
d:\项目\debugger\git\debugger\debug\debug.obj
d:\项目\debugger\git\debugger\debug\capstone.obj
d:\项目\debugger\git\debugger\debug\breakpoint.obj
d:\项目\debugger\git\debugger\debug\antidebug.obj
d:\项目\debugger\git\debugger\debug\debugger.ilk
d:\项目\debugger\git\debugger\debug\debugger.exe
d:\项目\debugger\git\debugger\debug\debugger.pdb
d:\项目\debugger\git\debugger\debug\debugger.tlog\cl.command.1.tlog
d:\项目\debugger\git\debugger\debug\debugger.tlog\cl.read.1.tlog
d:\项目\debugger\git\debugger\debug\debugger.tlog\cl.write.1.tlog
d:\项目\debugger\git\debugger\debug\debugger.tlog\link.command.1.tlog
d:\项目\debugger\git\debugger\debug\debugger.tlog\link.read.1.tlog
d:\项目\debugger\git\debugger\debug\debugger.tlog\link.write.1.tlog
