d:\项目\debugger\git\debugger\release\vc141.pdb
d:\项目\debugger\git\debugger\release\symbol.obj
d:\项目\debugger\git\debugger\release\stack.obj
d:\项目\debugger\git\debugger\release\plugin.obj
d:\项目\debugger\git\debugger\release\pe.obj
d:\项目\debugger\git\debugger\release\module.obj
d:\项目\debugger\git\debugger\release\memory.obj
d:\项目\debugger\git\debugger\release\eflags.obj
d:\项目\debugger\git\debugger\release\debugger.obj
d:\项目\debugger\git\debugger\release\debug.obj
d:\项目\debugger\git\debugger\release\capstone.obj
d:\项目\debugger\git\debugger\release\breakpoint.obj
d:\项目\debugger\git\debugger\release\antidebug.obj
d:\项目\debugger\git\debugger\release\debugger.ipdb
d:\项目\debugger\git\debugger\release\debugger.iobj
d:\项目\debugger\git\debugger\release\debugger.exe
d:\项目\debugger\git\debugger\release\debugger.pdb
d:\项目\debugger\git\debugger\release\debugger.tlog\cl.command.1.tlog
d:\项目\debugger\git\debugger\release\debugger.tlog\cl.read.1.tlog
d:\项目\debugger\git\debugger\release\debugger.tlog\cl.write.1.tlog
d:\项目\debugger\git\debugger\release\debugger.tlog\debugger.write.1u.tlog
d:\项目\debugger\git\debugger\release\debugger.tlog\link.command.1.tlog
d:\项目\debugger\git\debugger\release\debugger.tlog\link.read.1.tlog
d:\项目\debugger\git\debugger\release\debugger.tlog\link.write.1.tlog
